android/app/proguard-rules.pro
-keepclasseswithmembers class * {*;}

-keep class com.google.firebase.iid.FirebaseInstanceId { zza(...); }