build/app/outputs/mapping/release/configuration.txt
# The proguard configuration file for the following section is intermediates\proguard-files\proguard-android.txt-4.2.1
# This is a configuration file for ProGuard.
# http://proguard.sourceforge.net/index.html#manual/usage.html
#
# Starting with version 2.2 of the Android plugin for Gradle, this file is distributed together with
# the plugin and unpacked at build-time. The files in $ANDROID_HOME are no longer maintained and
# will be ignored by new version of the Android plugin for Gradle.

# Optimization is turned off by default. Dex does not like code run
# through the ProGuard optimize steps (and performs some
# of these optimizations on its own).
# Note that if you want to enable optimization, you cannot just
# include optimization flags in your own project configuration file;
# instead you will need to point to the
# "proguard-android-optimize.txt" file instead of this one from your
# project.properties file.
-dontoptimize

-dontusemixedcaseclassnames
-dontskipnonpubliclibraryclasses
-verbose

# Preserve some attributes that may be required for reflection.
-keepattributes *Annotation*,Signature,InnerClasses,EnclosingMethod

-keep public class com.google.vending.licensing.ILicensingService
-keep public class com.android.vending.licensing.ILicensingService
-keep public class com.google.android.vending.licensing.ILicensingService
-dontnote com.android.vending.licensing.ILicensingService
-dontnote com.google.vending.licensing.ILicensingService
-dontnote com.google.android.vending.licensing.ILicensingService

# For native methods, see http://proguard.sourceforge.net/manual/examples.html#native
-keepclasseswithmembernames,includedescriptorclasses class * {
    native <methods>;
}

# Keep setters in Views so that animations can still work.
-keepclassmembers public class * extends android.view.View {
    void set*(***);
    *** get*();
}

# We want to keep methods in Activity that could be used in the XML attribute onClick.
-keepclassmembers class * extends android.app.Activity {
    public void *(android.view.View);
}

# For enumeration classes, see http://proguard.sourceforge.net/manual/examples.html#enumerations
-keepclassmembers enum * {
    public static **[] values();
    public static ** valueOf(java.lang.String);
}

-keepclassmembers class * implements android.os.Parcelable {
    public static final ** CREATOR;
}

# Preserve annotated Javascript interface methods.
-keepclassmembers class * {
    @android.webkit.JavascriptInterface <methods>;
}

# The support libraries contains references to newer platform versions.
# Don't warn about those in case this app is linking against an older
# platform version. We know about them, and they are safe.
-dontnote android.support.**
-dontnote androidx.**
-dontwarn android.support.**
-dontwarn androidx.**

# This class is deprecated, but remains for backward compatibility.
-dontwarn android.util.FloatMath

# Understand the @Keep support annotation.
-keep class android.support.annotation.Keep
-keep class androidx.annotation.Keep

-keep @android.support.annotation.Keep class * {*;}
-keep @androidx.annotation.Keep class * {*;}

-keepclasseswithmembers class * {
    @android.support.annotation.Keep <methods>;
}

-keepclasseswithmembers class * {
    @androidx.annotation.Keep <methods>;
}

-keepclasseswithmembers class * {
    @android.support.annotation.Keep <fields>;
}

-keepclasseswithmembers class * {
    @androidx.annotation.Keep <fields>;
}

-keepclasseswithmembers class * {
    @android.support.annotation.Keep <init>(...);
}

-keepclasseswithmembers class * {
    @androidx.annotation.Keep <init>(...);
}

# These classes are duplicated between android.jar and org.apache.http.legacy.jar.
-dontnote org.apache.http.**
-dontnote android.net.http.**

# These classes are duplicated between android.jar and core-lambda-stubs.jar.
-dontnote java.lang.invoke.**

# End of content from intermediates\proguard-files\proguard-android.txt-4.2.1
# The proguard configuration file for the following section is flutter_tools\gradle\flutter_proguard_rules.pro
# Build the ephemeral app in a module project.
# Prevents: Warning: library class <plugin-package> depends on program class io.flutter.plugin.**
# This is due to plugins (libraries) depending on the embedding (the program jar)
-dontwarn io.flutter.plugin.**

# The android.** package is provided by the OS at runtime.
-dontwarn android.**

# End of content from flutter_tools\gradle\flutter_proguard_rules.pro
# The proguard configuration file for the following section is android\app\proguard-rules.pro
-keepclasseswithmembers class * {*;}

-keep class com.google.firebase.iid.FirebaseInstanceId { zza(...); }

# End of content from android\app\proguard-rules.pro
# The proguard configuration file for the following section is aapt_proguard_file\release\aapt_rules.txt
-keep class androidx.core.app.CoreComponentFactory { <init>(); }
-keep class com.google.android.datatransport.runtime.backends.TransportBackendDiscovery { <init>(); }
-keep class com.google.android.datatransport.runtime.scheduling.jobscheduling.AlarmManagerSchedulerBroadcastReceiver { <init>(); }
-keep class com.google.android.datatransport.runtime.scheduling.jobscheduling.JobInfoSchedulerService { <init>(); }
-keep class com.google.android.gms.common.api.GoogleApiActivity { <init>(); }
-keep class com.google.android.gms.measurement.AppMeasurementJobService { <init>(); }
-keep class com.google.android.gms.measurement.AppMeasurementReceiver { <init>(); }
-keep class com.google.android.gms.measurement.AppMeasurementService { <init>(); }
-keep class com.google.firebase.auth.internal.FederatedSignInActivity { <init>(); }
-keep class com.google.firebase.components.ComponentDiscoveryService { <init>(); }
-keep class com.google.firebase.iid.FirebaseInstanceIdReceiver { <init>(); }
-keep class com.google.firebase.messaging.FirebaseMessagingService { <init>(); }
-keep class com.google.firebase.provider.FirebaseInitProvider { <init>(); }
-keep class com.lyokone.location.FlutterLocationService { <init>(); }
-keep class io.flutter.app.FlutterApplication { <init>(); }
-keep class io.flutter.plugins.firebasemessaging.FlutterFirebaseMessagingService { <init>(); }
-keep class io.flutter.plugins.imagepicker.ImagePickerFileProvider { <init>(); }
-keep class io.flutter.plugins.urllauncher.WebViewActivity { <init>(); }
-keep class ru.driverHunter.MainActivity { <init>(); }

# End of content from aapt_proguard_file\release\aapt_rules.txt
# The proguard configuration file for the following section is release\lib0\proguard.txt
-keep class com.baseflow.** { *; }
# End of content from release\lib0\proguard.txt
# The proguard configuration file for the following section is 69728bb737776ef9def66357a87c04a0\jetified-firebase-auth-19.4.0\proguard.txt
# We keep all fields for every generated proto file as the runtime uses
# reflection over them that ProGuard cannot detect. Without this keep
# rule, fields may be removed that would cause runtime failures.
-keepclassmembers class * extends com.google.android.gms.internal.firebase_auth.zzig {
  <fields>;
}

# End of content from 69728bb737776ef9def66357a87c04a0\jetified-firebase-auth-19.4.0\proguard.txt
# The proguard configuration file for the following section is eba12943f2a44e2c3ddb94f36293cdfa\jetified-firebase-messaging-20.3.0\proguard.txt
# Analytics library is optional.
# Access to this class is protected by try/catch(NoClassDefFoundError e)
# b/35686744 Don't fail during proguard if the class is missing from the APK.
-dontwarn com.google.android.gms.measurement.AppMeasurement*

# End of content from eba12943f2a44e2c3ddb94f36293cdfa\jetified-firebase-messaging-20.3.0\proguard.txt
# The proguard configuration file for the following section is cbdb8ca3b898e39229a295ebafa65d1b\jetified-play-services-measurement-17.6.0\proguard.txt
# We keep all fields for every generated proto file as the runtime uses
# reflection over them that ProGuard cannot detect. Without this keep
# rule, fields may be removed that would cause runtime failures.
-keepclassmembers class * extends com.google.android.gms.internal.measurement.zzhz {
  <fields>;
}

# End of content from cbdb8ca3b898e39229a295ebafa65d1b\jetified-play-services-measurement-17.6.0\proguard.txt
# The proguard configuration file for the following section is 2337e8be1c1cf4af47bb70544a3914dc\jetified-play-services-measurement-api-17.6.0\proguard.txt
# Can be removed once we pull in a dependency on firebase-common that includes
# https://github.com/firebase/firebase-android-sdk/pull/1472/commits/856f1ca1151cdd88679bbc778892f23dfa34fc06#diff-a2ed34b5a38b4c6c686b09e54865eb48
-dontwarn com.google.auto.value.AutoValue
-dontwarn com.google.auto.value.AutoValue$Builder

# We keep all fields for every generated proto file as the runtime uses
# reflection over them that ProGuard cannot detect. Without this keep
# rule, fields may be removed that would cause runtime failures.
-keepclassmembers class * extends com.google.android.gms.internal.measurement.zzhz {
  <fields>;
}

# End of content from 2337e8be1c1cf4af47bb70544a3914dc\jetified-play-services-measurement-api-17.6.0\proguard.txt
# The proguard configuration file for the following section is 245ccc9296bc49b75bfd334beae326a7\jetified-play-services-measurement-sdk-17.6.0\proguard.txt
# We keep all fields for every generated proto file as the runtime uses
# reflection over them that ProGuard cannot detect. Without this keep
# rule, fields may be removed that would cause runtime failures.
-keepclassmembers class * extends com.google.android.gms.internal.measurement.zzhz {
  <fields>;
}

# End of content from 245ccc9296bc49b75bfd334beae326a7\jetified-play-services-measurement-sdk-17.6.0\proguard.txt
# The proguard configuration file for the following section is b67b8b1da2aa0f9f423e20c7ad4ca233\jetified-play-services-measurement-impl-17.6.0\proguard.txt
# We keep all fields for every generated proto file as the runtime uses
# reflection over them that ProGuard cannot detect. Without this keep
# rule, fields may be removed that would cause runtime failures.
-keepclassmembers class * extends com.google.android.gms.internal.measurement.zzhz {
  <fields>;
}

# End of content from b67b8b1da2aa0f9f423e20c7ad4ca233\jetified-play-services-measurement-impl-17.6.0\proguard.txt
# The proguard configuration file for the following section is 31c91ff7632e89b38961c0961c9cc9dd\jetified-play-services-base-17.2.1\proguard.txt
# b/35135904 Ensure that proguard will not strip the mResultGuardian.
-keepclassmembers class com.google.android.gms.common.api.internal.BasePendingResult {
  com.google.android.gms.common.api.internal.BasePendingResult$ReleasableResultGuardian mResultGuardian;
}

# End of content from 31c91ff7632e89b38961c0961c9cc9dd\jetified-play-services-base-17.2.1\proguard.txt
# The proguard configuration file for the following section is c6585fdd203d9ae6b0ddc286cc6299a8\jetified-firebase-common-19.3.0\proguard.txt
-dontwarn com.google.firebase.platforminfo.KotlinDetector

# End of content from c6585fdd203d9ae6b0ddc286cc6299a8\jetified-firebase-common-19.3.0\proguard.txt
# The proguard configuration file for the following section is b45d85dc8c5655ebe3521bea8d87843d\jetified-play-services-measurement-sdk-api-17.6.0\proguard.txt
# We keep all fields for every generated proto file as the runtime uses
# reflection over them that ProGuard cannot detect. Without this keep
# rule, fields may be removed that would cause runtime failures.
-keepclassmembers class * extends com.google.android.gms.internal.measurement.zzhz {
  <fields>;
}

# End of content from b45d85dc8c5655ebe3521bea8d87843d\jetified-play-services-measurement-sdk-api-17.6.0\proguard.txt
# The proguard configuration file for the following section is 4e3ed81fe494fc1eda48ef2da9eb364d\jetified-play-services-measurement-base-17.6.0\proguard.txt
# We keep all fields for every generated proto file as the runtime uses
# reflection over them that ProGuard cannot detect. Without this keep
# rule, fields may be removed that would cause runtime failures.
-keepclassmembers class * extends com.google.android.gms.internal.measurement.zzhz {
  <fields>;
}

# End of content from 4e3ed81fe494fc1eda48ef2da9eb364d\jetified-play-services-measurement-base-17.6.0\proguard.txt
# The proguard configuration file for the following section is dcfdf8938f370ca69c9675a6c71c144a\jetified-play-services-basement-17.2.1\proguard.txt
# Proguard flags for consumers of the Google Play services SDK
# https://developers.google.com/android/guides/setup#add_google_play_services_to_your_project

# Keep SafeParcelable NULL value, needed for reflection by DowngradeableSafeParcel
-keepclassmembers public class com.google.android.gms.common.internal.safeparcel.SafeParcelable {
    public static final *** NULL;
}

# Needed for Parcelable/SafeParcelable classes & their creators to not get renamed, as they are
# found via reflection.
-keep class com.google.android.gms.common.internal.ReflectedParcelable
-keepnames class * implements com.google.android.gms.common.internal.ReflectedParcelable
-keepclassmembers class * implements android.os.Parcelable {
  public static final *** CREATOR;
}

# Keep the classes/members we need for client functionality.
-keep @interface android.support.annotation.Keep
-keep @android.support.annotation.Keep class *
-keepclasseswithmembers class * {
  @android.support.annotation.Keep <fields>;
}
-keepclasseswithmembers class * {
  @android.support.annotation.Keep <methods>;
}

# Keep androidX equivalent of above android.support to allow Jetification.
-keep @interface androidx.annotation.Keep
-keep @androidx.annotation.Keep class *
-keepclasseswithmembers class * {
  @androidx.annotation.Keep <fields>;
}
-keepclasseswithmembers class * {
  @androidx.annotation.Keep <methods>;
}

# Keep the names of classes/members we need for client functionality.
-keep @interface com.google.android.gms.common.annotation.KeepName
-keepnames @com.google.android.gms.common.annotation.KeepName class *
-keepclassmembernames class * {
  @com.google.android.gms.common.annotation.KeepName *;
}

# Keep Dynamite API entry points
-keep @interface com.google.android.gms.common.util.DynamiteApi
-keep @com.google.android.gms.common.util.DynamiteApi public class * {
  public <fields>;
  public <methods>;
}

# Needed when building against pre-Marshmallow SDK.
-dontwarn android.security.NetworkSecurityPolicy

# Needed when building against Marshmallow SDK.
-dontwarn android.app.Notification

# Protobuf has references not on the Android boot classpath
-dontwarn sun.misc.Unsafe
-dontwarn libcore.io.Memory

# Internal Google annotations for generating Proguard keep rules.
-dontwarn com.google.android.apps.common.proguard.UsedBy*

# Annotations referenced by the SDK but whose definitions are contained in
# non-required dependencies.
-dontwarn javax.annotation.**
-dontwarn org.checkerframework.**

# End of content from dcfdf8938f370ca69c9675a6c71c144a\jetified-play-services-basement-17.2.1\proguard.txt
# The proguard configuration file for the following section is b302035a295c15dc3cf4a023f2017e3a\core-1.3.2\proguard.txt
# Never inline methods, but allow shrinking and obfuscation.
-keepclassmembernames,allowobfuscation,allowshrinking class androidx.core.view.ViewCompat$Api* {
  <methods>;
}
-keepclassmembernames,allowobfuscation,allowshrinking class androidx.core.view.WindowInsetsCompat$Impl* {
  <methods>;
}
-keepclassmembernames,allowobfuscation,allowshrinking class androidx.core.view.WindowInsetsCompat$BuilderImpl* {
  <methods>;
}
# End of content from b302035a295c15dc3cf4a023f2017e3a\core-1.3.2\proguard.txt
# The proguard configuration file for the following section is b6279d9779f4db5c6e576d8868b686a2\lifecycle-runtime-2.2.0\proguard.txt
-keepattributes *Annotation*

-keepclassmembers enum androidx.lifecycle.Lifecycle$Event {
    <fields>;
}

-keep !interface * implements androidx.lifecycle.LifecycleObserver {
}

-keep class * implements androidx.lifecycle.GeneratedAdapter {
    <init>(...);
}

-keepclassmembers class ** {
    @androidx.lifecycle.OnLifecycleEvent *;
}

# this rule is need to work properly when app is compiled with api 28, see b/142778206
-keepclassmembers class androidx.lifecycle.ReportFragment$LifecycleCallbacks { *; }
# End of content from b6279d9779f4db5c6e576d8868b686a2\lifecycle-runtime-2.2.0\proguard.txt
# The proguard configuration file for the following section is e626eb60b653e0ceac4236db356af037\jetified-savedstate-1.0.0\proguard.txt
# Copyright (C) 2019 The Android Open Source Project
#
# Licensed under the Apache License, Version 2.0 (the "License");
# you may not use this file except in compliance with the License.
# You may obtain a copy of the License at
#
#      http://www.apache.org/licenses/LICENSE-2.0
#
# Unless required by applicable law or agreed to in writing, software
# distributed under the License is distributed on an "AS IS" BASIS,
# WITHOUT WARRANTIES OR CONDITIONS OF ANY KIND, either express or implied.
# See the License for the specific language governing permissions and
# limitations under the License.

-keepclassmembers,allowobfuscation class * implements androidx.savedstate.SavedStateRegistry$AutoRecreated {
    <init>();
}

# End of content from e626eb60b653e0ceac4236db356af037\jetified-savedstate-1.0.0\proguard.txt
# The proguard configuration file for the following section is 0b03bf181c511ad3b4f001efcc68ba08\versionedparcelable-1.1.0\proguard.txt
-keep public class * implements androidx.versionedparcelable.VersionedParcelable
-keep public class android.support.**Parcelizer { *; }
-keep public class androidx.**Parcelizer { *; }
-keep public class androidx.versionedparcelable.ParcelImpl

# End of content from 0b03bf181c511ad3b4f001efcc68ba08\versionedparcelable-1.1.0\proguard.txt
# The proguard configuration file for the following section is 7f4bed241505763be2a3ce661718ffc0\jetified-firebase-components-16.0.0\proguard.txt
-dontwarn com.google.firebase.components.Component$Instantiation
-dontwarn com.google.firebase.components.Component$ComponentType

-keep class * implements com.google.firebase.components.ComponentRegistrar

# End of content from 7f4bed241505763be2a3ce661718ffc0\jetified-firebase-components-16.0.0\proguard.txt
# The proguard configuration file for the following section is 6d58f6f3ed7649e48e88791ba5a1e3c4\jetified-firebase-encoders-json-16.0.0\proguard.txt

# End of content from 6d58f6f3ed7649e48e88791ba5a1e3c4\jetified-firebase-encoders-json-16.0.0\proguard.txt
# The proguard configuration file for the following section is 3db994177eb47d36beac9cc2c03217a8\lifecycle-viewmodel-2.1.0\proguard.txt
-keepclassmembers,allowobfuscation class * extends androidx.lifecycle.ViewModel {
    <init>();
}

-keepclassmembers,allowobfuscation class * extends androidx.lifecycle.AndroidViewModel {
    <init>(android.app.Application);
}

# End of content from 3db994177eb47d36beac9cc2c03217a8\lifecycle-viewmodel-2.1.0\proguard.txt
# The proguard configuration file for the following section is META-INF\proguard\androidx-annotations.pro
-keep,allowobfuscation @interface androidx.annotation.Keep
-keep @androidx.annotation.Keep class * {*;}

-keepclasseswithmembers class * {
    @androidx.annotation.Keep <methods>;
}

-keepclasseswithmembers class * {
    @androidx.annotation.Keep <fields>;
}

-keepclasseswithmembers class * {
    @androidx.annotation.Keep <init>(...);
}

# End of content from META-INF\proguard\androidx-annotations.pro
# The proguard configuration file for the following section is <unknown>
-ignorewarnings
# End of content from <unknown>