build/app/outputs/mapping/release/mapping.txt
# compiler: R8
# compiler_version: 2.2.66
# min_api: 16
# pg_map_id: 652654a
# common_typos_disable
...
com.google.android.gms.internal.firebase_auth.zzka -> com.google.android.gms.internal.firebase_auth.n:
com.google.android.gms.internal.firebase_auth.zzm -> com.google.android.gms.internal.firebase_auth.o:
com.google.android.gms.internal.firebase_messaging.zzd -> com.google.android.gms.internal.firebase_messaging.a:
com.google.android.gms.internal.location.zzaw -> com.google.android.gms.internal.location.a:
com.google.android.gms.internal.location.zzd -> com.google.android.gms.internal.location.b:
com.google.android.gms.internal.maps.zzd -> com.google.android.gms.internal.maps.a:
com.google.android.gms.internal.measurement.zzac -> com.google.android.gms.internal.measurement.a:
com.google.android.gms.internal.measurement.zzdw -> com.google.android.gms.internal.measurement.b:
com.google.android.gms.internal.measurement.zzdx -> com.google.android.gms.internal.measurement.c:
com.google.android.gms.internal.measurement.zze -> com.google.android.gms.internal.measurement.d:
com.google.android.gms.internal.measurement.zzfy -> com.google.android.gms.internal.measurement.e:
com.google.android.gms.internal.measurement.zzhc -> com.google.android.gms.internal.measurement.f:
com.google.android.gms.internal.measurement.zzhi -> com.google.android.gms.internal.measurement.g:
com.google.android.gms.internal.measurement.zzhk -> com.google.android.gms.internal.measurement.h:
com.google.android.gms.internal.measurement.zzhz$zzd -> com.google.android.gms.internal.measurement.zzhz$a:
com.google.android.gms.internal.measurement.zzie -> com.google.android.gms.internal.measurement.i:
com.google.android.gms.internal.measurement.zzil -> com.google.android.gms.internal.measurement.j:
com.google.android.gms.internal.measurement.zziu -> com.google.android.gms.internal.measurement.k:
com.google.android.gms.internal.measurement.zzjt -> com.google.android.gms.internal.measurement.l:
com.google.android.gms.internal.measurement.zzju -> com.google.android.gms.internal.measurement.m:
com.google.android.gms.internal.measurement.zzl -> com.google.android.gms.internal.measurement.n:
com.google.android.gms.internal.measurement.zzs -> com.google.android.gms.internal.measurement.o:
com.google.android.gms.internal.tasks.zza -> com.google.android.gms.internal.tasks.a:
com.google.android.gms.location.zzr -> com.google.android.gms.location.a:
com.google.android.gms.measurement.internal.zzef -> com.google.android.gms.measurement.internal.a:
com.google.android.gms.measurement.internal.zzex -> com.google.android.gms.measurement.internal.b:
com.google.android.gms.measurement.internal.zzfc -> com.google.android.gms.measurement.internal.c:
com.google.android.gms.stats.WakeLock$zza -> com.google.android.gms.stats.WakeLock$a:
com.google.android.gms.tasks.Tasks$zzc -> com.google.android.gms.tasks.Tasks$a:
com.google.common.base.Equivalence$1 -> com.google.common.base.Equivalence$a:
com.google.common.base.Functions$1 -> com.google.common.base.Functions$a:
com.google.common.base.MoreObjects$1 -> com.google.common.base.MoreObjects$a:
com.google.common.base.Platform$1 -> com.google.common.base.Platform$a:
com.google.common.base.Predicates$1 -> com.google.common.base.Predicates$a:
com.google.common.collect.AbstractNavigableMap$1 -> com.google.common.collect.AbstractNavigableMap$a:
com.google.common.collect.DenseImmutableTable$1 -> com.google.common.collect.DenseImmutableTable$a:
com.google.common.collect.DiscreteDomain$1 -> com.google.common.collect.DiscreteDomain$a:
com.google.common.collect.EmptyContiguousSet$1 -> com.google.common.collect.EmptyContiguousSet$a:
com.google.common.collect.ImmutableClassToInstanceMap$1 -> com.google.common.collect.ImmutableClassToInstanceMap$a:
com.google.common.collect.ImmutableEnumMap$1 -> com.google.common.collect.ImmutableEnumMap$a:
com.google.common.collect.ImmutableEnumSet$1 -> com.google.common.collect.ImmutableEnumSet$a:
com.google.common.collect.Interners$1 -> com.google.common.collect.Interners$a: