build/app/outputs/mapping/release/usage.txt
androidx.annotation.StyleableRes
androidx.annotation.TransitionRes
androidx.annotation.UiThread
androidx.annotation.WorkerThread
androidx.annotation.XmlRes
androidx.core.app.FrameMetricsAggregator$MetricType
androidx.core.app.NotificationCompat$Action$SemanticAction
androidx.core.app.NotificationCompat$BadgeIconType
androidx.core.app.NotificationCompat$GroupAlertBehavior
androidx.core.app.NotificationCompat$NotificationVisibility
androidx.core.app.NotificationCompat$StreamType
androidx.core.app.RemoteInput$EditChoicesBeforeSending
androidx.core.app.RemoteInput$Source
androidx.core.app.ServiceCompat$StopForegroundFlags
androidx.core.content.PermissionChecker$PermissionResult
androidx.core.content.pm.PermissionInfoCompat$Protection
androidx.core.content.pm.PermissionInfoCompat$ProtectionFlags
androidx.core.content.res.FontResourcesParserCompat$FetchStrategy
androidx.core.graphics.drawable.IconCompat$IconType
androidx.core.internal.package-info
androidx.core.internal.view.SupportSubMenu
androidx.core.net.ConnectivityManagerCompat$RestrictBackgroundStatus
androidx.core.provider.FontsContractCompat$FontRequestCallback$FontRequestFailReason
androidx.core.text.util.LinkifyCompat$LinkifyMask
androidx.core.view.ViewCompat$FocusDirection
androidx.core.view.ViewCompat$FocusRealDirection
androidx.core.view.ViewCompat$FocusRelativeDirection
androidx.core.view.ViewCompat$NestedScrollType
androidx.core.view.ViewCompat$ScrollAxis
androidx.core.view.ViewCompat$ScrollIndicators
androidx.core.widget.TextViewCompat$AutoSizeTextType
androidx.exifinterface.media.ExifInterface$ExifStreamType
androidx.exifinterface.media.ExifInterface$IfdType
androidx.versionedparcelable.NonParcelField
com.google.android.datatransport.runtime.time.Monotonic
com.google.android.datatransport.runtime.time.WallTime
com.google.android.gms.cloudmessaging.CloudMessage$MessagePriority
com.google.android.gms.common.SignInButton$ButtonSize
com.google.android.gms.common.SignInButton$ColorScheme
com.google.android.gms.common.annotation.KeepForSdk
com.google.android.gms.common.annotation.KeepForSdkWithFieldsAndMethods
com.google.android.gms.common.annotation.KeepForSdkWithMembers
com.google.android.gms.common.annotation.NonNullApi
com.google.android.gms.common.api.Api$ApiOptions$NotRequiredOptions
com.google.android.gms.common.api.Api$ApiOptions$Optional
com.google.android.gms.common.api.internal.PendingResultFacade
com.google.android.gms.common.internal.HideFirstParty
com.google.android.gms.common.internal.ShowFirstParty
com.google.android.gms.common.internal.safeparcel.SafeParcelable$Constructor
com.google.android.gms.common.util.RetainForClient
com.google.android.gms.common.util.VisibleForTesting
com.google.android.gms.internal.firebase_auth.zzlv
com.google.android.gms.internal.firebase_auth.zzp
com.google.android.gms.internal.measurement.zzbv
com.google.android.gms.internal.measurement.zzca
com.google.android.gms.internal.measurement.zzcd
com.google.android.gms.internal.measurement.zzck
com.google.android.gms.location.ActivityTransition$SupportedActivityTransition
com.google.auto.value.AutoAnnotation
com.google.auto.value.AutoValue$Builder
com.google.auto.value.AutoValue
com.google.auto.value.extension.memoized.Memoized
com.google.common.annotations.Beta
com.google.common.annotations.VisibleForTesting
com.google.common.base.Suppliers$SupplierFunction
com.google.common.base.package-info
com.google.common.cache.package-info
com.google.common.collect.GwtTransient
com.google.common.collect.MapMakerInternalMap$StrongValueEntry
com.google.common.collect.package-info
com.google.common.escape.package-info
com.google.common.eventbus.package-info
com.google.common.graph.package-info
com.google.common.hash.package-info
com.google.common.html.package-info
com.google.common.io.package-info
com.google.common.math.package-info
com.google.common.net.package-info
com.google.common.primitives.package-info
com.google.common.reflect.package-info
com.google.common.util.concurrent.package-info